<?xml version="1.0" encoding="UTF-8"?>
<!-- Generated by org.testng.reporters.JUnitXMLReporter -->
<testsuite ignored="17" hostname="Sandip" failures="1" tests="20" name="Test" time="157.424" errors="0" timestamp="2024-05-23T15:56:34 IST">
  <testcase classname="BuildFrameWork.AutoBots.LoginValidationsTest" name="gotoUrlvalidationTest" time="1.146"/>
  <testcase classname="BuildFrameWork.AutoBots.LoginValidationsTest" name="login" time="0.442"/>
  <testcase classname="BuildFrameWork.AutoBots.TextvalidationTest" name="Titlevalidationtest" time="0.016"/>
  <testcase classname="BuildFrameWork.AutoBots.HomepagevalidationsTest" name="urlvalidationstest" time="0.48"/>
  <testcase classname="BuildFrameWork.AutoBots.HomepagevalidationsTest" name="Titlenamevalidationtest" time="0.513"/>
  <testcase classname="BuildFrameWork.AutoBots.HomepagevalidationsTest" name="Titlewelcomvalidationtest" time="0.558"/>
  <testcase classname="BuildFrameWork.AutoBots.HomepagevalidationsTest" name="Greenkartvalidationtest" time="1.944">
    <failure type="java.lang.AssertionError" message="null">
      <![CDATA[java.lang.AssertionError: null
at BuildFrameWork.AutoBots.HomepagevalidationsTest.Greenkartvalidationtest(HomepagevalidationsTest.java:67)
at java.base/java.util.ArrayList.forEach(ArrayList.java:1511)
... Removed 29 stack frames]]>
    </failure>
  </testcase> <!-- Greenkartvalidationtest -->
  <testcase classname="BuildFrameWork.AutoBots.ItemspageValidationTest" name="urlvalidationstest" time="0.465"/>
  <testcase classname="BuildFrameWork.AutoBots.ItemspageValidationTest" name="searchvalidationtest" time="0.791"/>
  <testcase classname="BuildFrameWork.AutoBots.ItemspageValidationTest" name="additemsvalidationtest" time="3.908"/>
  <testcase classname="BuildFrameWork.AutoBots.ItemspageValidationTest" name="greenkartpagevalidationtest" time="0.829"/>
  <testcase classname="BuildFrameWork.AutoBots.ItemspageValidationTest" name="proceedbuttonvalidationtest" time="7.627"/>
  <testcase classname="BuildFrameWork.AutoBots.CheckoutpageValidationTest" name="urlvalidationstest" time="0.471"/>
  <testcase classname="BuildFrameWork.AutoBots.CheckoutpageValidationTest" name="promocodetestvalidation" time="9.102"/>
  <testcase classname="BuildFrameWork.AutoBots.CheckoutpageValidationTest" name="applytestvalidation" time="7.568"/>
  <testcase classname="BuildFrameWork.AutoBots.CheckoutpageValidationTest" name="placeordertestvalidation" time="11.685"/>
  <testcase classname="BuildFrameWork.AutoBots.CheckoutpageValidationTest" name="closebuttontestvalidation" time="13.666"/>
  <testcase classname="BuildFrameWork.AutoBots.myorderstestvalidation" name="urlvalidationstest" time="0.498"/>
  <testcase classname="BuildFrameWork.AutoBots.myorderstestvalidation" name="myordersvalidation" time="13.625"/>
  <testcase classname="BuildFrameWork.AutoBots.myorderstestvalidation" name="gotogreenkartvalidationTest" time="13.732"/>
  <testcase classname="BuildFrameWork.AutoBots.TextvalidationTest" name="urlvalidationtest" time="0.0">
    <ignored/>
  </testcase> <!-- urlvalidationtest -->
  <testcase classname="BuildFrameWork.AutoBots.TextvalidationTest" name="SigninTextvalidationtest" time="0.0">
    <ignored/>
  </testcase> <!-- SigninTextvalidationtest -->
  <testcase classname="BuildFrameWork.AutoBots.LoginValidationsTest" name="invalidpassword" time="0.0">
    <ignored/>
  </testcase> <!-- invalidpassword -->
  <testcase classname="BuildFrameWork.AutoBots.ItemspageValidationTest" name="searchbuttonvalidationtest" time="0.0">
    <ignored/>
  </testcase> <!-- searchbuttonvalidationtest -->
  <testcase classname="BuildFrameWork.AutoBots.TextvalidationTest" name="Termstextvalidationtest" time="0.0">
    <ignored/>
  </testcase> <!-- Termstextvalidationtest -->
  <testcase classname="BuildFrameWork.AutoBots.ItemspageValidationTest" name="greenkartlogovalidationtest" time="0.0">
    <ignored/>
  </testcase> <!-- greenkartlogovalidationtest -->
  <testcase classname="BuildFrameWork.AutoBots.TextvalidationTest" name="signinbuttonvalidationtest" time="0.0">
    <ignored/>
  </testcase> <!-- signinbuttonvalidationtest -->
  <testcase classname="BuildFrameWork.AutoBots.TextvalidationTest" name="forgottextvalidationtest" time="0.0">
    <ignored/>
  </testcase> <!-- forgottextvalidationtest -->
  <testcase classname="BuildFrameWork.AutoBots.ItemspageValidationTest" name="bagvalidationtest" time="0.0">
    <ignored/>
  </testcase> <!-- bagvalidationtest -->
  <testcase classname="BuildFrameWork.AutoBots.TextvalidationTest" name="remeberTextvalidationtest" time="0.0">
    <ignored/>
  </testcase> <!-- remeberTextvalidationtest -->
  <testcase classname="BuildFrameWork.AutoBots.HomepagevalidationsTest" name="titlevalidationstest" time="0.0">
    <ignored/>
  </testcase> <!-- titlevalidationstest -->
  <testcase classname="BuildFrameWork.AutoBots.myorderstestvalidation" name="greenkartbuttonvalidationtest" time="0.0">
    <ignored/>
  </testcase> <!-- greenkartbuttonvalidationtest -->
  <testcase classname="BuildFrameWork.AutoBots.HomepagevalidationsTest" name="cgtlogovalidationtest" time="0.0">
    <ignored/>
  </testcase> <!-- cgtlogovalidationtest -->
  <testcase classname="BuildFrameWork.AutoBots.ItemspageValidationTest" name="emptycartvalidationtest" time="0.0">
    <ignored/>
  </testcase> <!-- emptycartvalidationtest -->
  <testcase classname="BuildFrameWork.AutoBots.LoginValidationsTest" name="invalidusername" time="0.0">
    <ignored/>
  </testcase> <!-- invalidusername -->
  <testcase classname="BuildFrameWork.AutoBots.ItemspageValidationTest" name="shoppingbagvalidationtest" time="0.0">
    <ignored/>
  </testcase> <!-- shoppingbagvalidationtest -->
  <testcase classname="BuildFrameWork.AutoBots.ItemspageValidationTest" name="textlogovalidationtest" time="0.0">
    <ignored/>
  </testcase> <!-- textlogovalidationtest -->
</testsuite> <!-- Test -->
