<?xml version="1.0" encoding="UTF-8"?>
<testng-results ignored="17" total="37" passed="19" failed="1" skipped="0">
  <reporter-output>
  </reporter-output>
  <suite started-at="2024-05-23T15:53:56 IST" name="Suite" finished-at="2024-05-23T15:56:34 IST" duration-ms="157424">
    <groups>
    </groups>
    <test started-at="2024-05-23T15:53:56 IST" name="Test" finished-at="2024-05-23T15:56:34 IST" duration-ms="157424">
      <class name="BuildFrameWork.AutoBots.TextvalidationTest">
        <test-method is-config="true" signature="getLogin()[pri:0, instance:BuildFrameWork.AutoBots.TextvalidationTest@1c33c17b]" started-at="2024-05-23T15:54:04 IST" name="getLogin" finished-at="2024-05-23T15:54:08 IST" duration-ms="3444" status="PASS">
          <reporter-output>
          </reporter-output>
        </test-method> <!-- getLogin -->
        <test-method signature="Titlevalidationtest()[pri:0, instance:BuildFrameWork.AutoBots.TextvalidationTest@1c33c17b]" started-at="2024-05-23T15:54:08 IST" name="Titlevalidationtest" finished-at="2024-05-23T15:54:08 IST" duration-ms="16" status="PASS">
          <reporter-output>
          </reporter-output>
        </test-method> <!-- Titlevalidationtest -->
        <test-method is-config="true" signature="teardown()[pri:0, instance:BuildFrameWork.AutoBots.TextvalidationTest@1c33c17b]" started-at="2024-05-23T15:54:08 IST" name="teardown" finished-at="2024-05-23T15:54:08 IST" duration-ms="152" status="PASS">
          <reporter-output>
          </reporter-output>
        </test-method> <!-- teardown -->
      </class> <!-- BuildFrameWork.AutoBots.TextvalidationTest -->
      <class name="BuildFrameWork.AutoBots.HomepagevalidationsTest">
        <test-method is-config="true" signature="getLogin()[pri:0, instance:BuildFrameWork.AutoBots.HomepagevalidationsTest@5bf0fe62]" started-at="2024-05-23T15:54:08 IST" name="getLogin" finished-at="2024-05-23T15:54:11 IST" duration-ms="3071" status="PASS">
          <reporter-output>
          </reporter-output>
        </test-method> <!-- getLogin -->
        <test-method signature="urlvalidationstest()[pri:0, instance:BuildFrameWork.AutoBots.HomepagevalidationsTest@5bf0fe62]" started-at="2024-05-23T15:54:11 IST" name="urlvalidationstest" finished-at="2024-05-23T15:54:12 IST" duration-ms="480" status="PASS">
          <reporter-output>
          </reporter-output>
        </test-method> <!-- urlvalidationstest -->
        <test-method is-config="true" signature="teardown()[pri:0, instance:BuildFrameWork.AutoBots.HomepagevalidationsTest@5bf0fe62]" started-at="2024-05-23T15:54:12 IST" name="teardown" finished-at="2024-05-23T15:54:12 IST" duration-ms="174" status="PASS">
          <reporter-output>
          </reporter-output>
        </test-method> <!-- teardown -->
        <test-method is-config="true" signature="getLogin()[pri:0, instance:BuildFrameWork.AutoBots.HomepagevalidationsTest@5bf0fe62]" started-at="2024-05-23T15:54:12 IST" name="getLogin" finished-at="2024-05-23T15:54:14 IST" duration-ms="2459" status="PASS">
          <reporter-output>
          </reporter-output>
        </test-method> <!-- getLogin -->
        <test-method signature="Titlenamevalidationtest()[pri:0, instance:BuildFrameWork.AutoBots.HomepagevalidationsTest@5bf0fe62]" started-at="2024-05-23T15:54:14 IST" name="Titlenamevalidationtest" finished-at="2024-05-23T15:54:15 IST" duration-ms="513" status="PASS">
          <reporter-output>
          </reporter-output>
        </test-method> <!-- Titlenamevalidationtest -->
        <test-method is-config="true" signature="teardown()[pri:0, instance:BuildFrameWork.AutoBots.HomepagevalidationsTest@5bf0fe62]" started-at="2024-05-23T15:54:15 IST" name="teardown" finished-at="2024-05-23T15:54:15 IST" duration-ms="172" status="PASS">
          <reporter-output>
          </reporter-output>
        </test-method> <!-- teardown -->
        <test-method is-config="true" signature="getLogin()[pri:0, instance:BuildFrameWork.AutoBots.HomepagevalidationsTest@5bf0fe62]" started-at="2024-05-23T15:54:15 IST" name="getLogin" finished-at="2024-05-23T15:54:17 IST" duration-ms="2311" status="PASS">
          <reporter-output>
          </reporter-output>
        </test-method> <!-- getLogin -->
        <test-method signature="Titlewelcomvalidationtest()[pri:0, instance:BuildFrameWork.AutoBots.HomepagevalidationsTest@5bf0fe62]" started-at="2024-05-23T15:54:17 IST" name="Titlewelcomvalidationtest" finished-at="2024-05-23T15:54:18 IST" duration-ms="558" status="PASS">
          <reporter-output>
          </reporter-output>
        </test-method> <!-- Titlewelcomvalidationtest -->
        <test-method is-config="true" signature="teardown()[pri:0, instance:BuildFrameWork.AutoBots.HomepagevalidationsTest@5bf0fe62]" started-at="2024-05-23T15:54:18 IST" name="teardown" finished-at="2024-05-23T15:54:18 IST" duration-ms="149" status="PASS">
          <reporter-output>
          </reporter-output>
        </test-method> <!-- teardown -->
        <test-method is-config="true" signature="getLogin()[pri:0, instance:BuildFrameWork.AutoBots.HomepagevalidationsTest@5bf0fe62]" started-at="2024-05-23T15:54:18 IST" name="getLogin" finished-at="2024-05-23T15:54:20 IST" duration-ms="2018" status="PASS">
          <reporter-output>
          </reporter-output>
        </test-method> <!-- getLogin -->
        <test-method signature="Greenkartvalidationtest()[pri:0, instance:BuildFrameWork.AutoBots.HomepagevalidationsTest@5bf0fe62]" started-at="2024-05-23T15:54:20 IST" name="Greenkartvalidationtest" finished-at="2024-05-23T15:54:22 IST" duration-ms="1944" status="FAIL">
          <exception class="java.lang.AssertionError">
            <message>
              <![CDATA[null]]>
            </message>
            <full-stacktrace>
              <![CDATA[java.lang.AssertionError: null
at org.testng.Assert.fail(Assert.java:99)
at org.testng.Assert.fail(Assert.java:106)
at BuildFrameWork.AutoBots.HomepagevalidationsTest.Greenkartvalidationtest(HomepagevalidationsTest.java:67)
at java.base/jdk.internal.reflect.NativeMethodAccessorImpl.invoke0(Native Method)
at java.base/jdk.internal.reflect.NativeMethodAccessorImpl.invoke(NativeMethodAccessorImpl.java:77)
at java.base/jdk.internal.reflect.DelegatingMethodAccessorImpl.invoke(DelegatingMethodAccessorImpl.java:43)
at java.base/java.lang.reflect.Method.invoke(Method.java:568)
at org.testng.internal.MethodInvocationHelper.invokeMethod(MethodInvocationHelper.java:133)
at org.testng.internal.TestInvoker.invokeMethod(TestInvoker.java:598)
at org.testng.internal.TestInvoker.invokeTestMethod(TestInvoker.java:173)
at org.testng.internal.MethodRunner.runInSequence(MethodRunner.java:46)
at org.testng.internal.TestInvoker$MethodInvocationAgent.invoke(TestInvoker.java:824)
at org.testng.internal.TestInvoker.invokeTestMethods(TestInvoker.java:146)
at org.testng.internal.TestMethodWorker.invokeTestMethods(TestMethodWorker.java:146)
at org.testng.internal.TestMethodWorker.run(TestMethodWorker.java:128)
at java.base/java.util.ArrayList.forEach(ArrayList.java:1511)
at org.testng.TestRunner.privateRun(TestRunner.java:794)
at org.testng.TestRunner.run(TestRunner.java:596)
at org.testng.SuiteRunner.runTest(SuiteRunner.java:377)
at org.testng.SuiteRunner.runSequentially(SuiteRunner.java:371)
at org.testng.SuiteRunner.privateRun(SuiteRunner.java:332)
at org.testng.SuiteRunner.run(SuiteRunner.java:276)
at org.testng.SuiteRunnerWorker.runSuite(SuiteRunnerWorker.java:53)
at org.testng.SuiteRunnerWorker.run(SuiteRunnerWorker.java:96)
at org.testng.TestNG.runSuitesSequentially(TestNG.java:1212)
at org.testng.TestNG.runSuitesLocally(TestNG.java:1134)
at org.testng.TestNG.runSuites(TestNG.java:1063)
at org.testng.TestNG.run(TestNG.java:1031)
at org.testng.remote.AbstractRemoteTestNG.run(AbstractRemoteTestNG.java:115)
at org.testng.remote.RemoteTestNG.initAndRun(RemoteTestNG.java:293)
at org.testng.remote.RemoteTestNG.main(RemoteTestNG.java:91)
]]>
            </full-stacktrace>
          </exception> <!-- java.lang.AssertionError -->
          <reporter-output>
          </reporter-output>
        </test-method> <!-- Greenkartvalidationtest -->
        <test-method is-config="true" signature="teardown()[pri:0, instance:BuildFrameWork.AutoBots.HomepagevalidationsTest@5bf0fe62]" started-at="2024-05-23T15:54:22 IST" name="teardown" finished-at="2024-05-23T15:54:22 IST" duration-ms="177" status="PASS">
          <reporter-output>
          </reporter-output>
        </test-method> <!-- teardown -->
      </class> <!-- BuildFrameWork.AutoBots.HomepagevalidationsTest -->
      <class name="BuildFrameWork.AutoBots.ItemspageValidationTest">
        <test-method is-config="true" signature="getLogin()[pri:0, instance:BuildFrameWork.AutoBots.ItemspageValidationTest@1e097d59]" started-at="2024-05-23T15:54:22 IST" name="getLogin" finished-at="2024-05-23T15:54:27 IST" duration-ms="4920" status="PASS">
          <reporter-output>
          </reporter-output>
        </test-method> <!-- getLogin -->
        <test-method signature="urlvalidationstest()[pri:0, instance:BuildFrameWork.AutoBots.ItemspageValidationTest@1e097d59]" started-at="2024-05-23T15:54:27 IST" name="urlvalidationstest" finished-at="2024-05-23T15:54:28 IST" duration-ms="465" status="PASS">
          <reporter-output>
          </reporter-output>
        </test-method> <!-- urlvalidationstest -->
        <test-method is-config="true" signature="teardown()[pri:0, instance:BuildFrameWork.AutoBots.ItemspageValidationTest@1e097d59]" started-at="2024-05-23T15:54:28 IST" name="teardown" finished-at="2024-05-23T15:54:28 IST" duration-ms="167" status="PASS">
          <reporter-output>
          </reporter-output>
        </test-method> <!-- teardown -->
        <test-method is-config="true" signature="getLogin()[pri:0, instance:BuildFrameWork.AutoBots.ItemspageValidationTest@1e097d59]" started-at="2024-05-23T15:54:28 IST" name="getLogin" finished-at="2024-05-23T15:54:31 IST" duration-ms="2543" status="PASS">
          <reporter-output>
          </reporter-output>
        </test-method> <!-- getLogin -->
        <test-method signature="searchvalidationtest()[pri:0, instance:BuildFrameWork.AutoBots.ItemspageValidationTest@1e097d59]" started-at="2024-05-23T15:54:31 IST" name="searchvalidationtest" finished-at="2024-05-23T15:54:31 IST" duration-ms="791" status="PASS">
          <reporter-output>
          </reporter-output>
        </test-method> <!-- searchvalidationtest -->
        <test-method is-config="true" signature="teardown()[pri:0, instance:BuildFrameWork.AutoBots.ItemspageValidationTest@1e097d59]" started-at="2024-05-23T15:54:31 IST" name="teardown" finished-at="2024-05-23T15:54:31 IST" duration-ms="128" status="PASS">
          <reporter-output>
          </reporter-output>
        </test-method> <!-- teardown -->
        <test-method is-config="true" signature="getLogin()[pri:0, instance:BuildFrameWork.AutoBots.ItemspageValidationTest@1e097d59]" started-at="2024-05-23T15:54:31 IST" name="getLogin" finished-at="2024-05-23T15:54:34 IST" duration-ms="2153" status="PASS">
          <reporter-output>
          </reporter-output>
        </test-method> <!-- getLogin -->
        <test-method signature="additemsvalidationtest()[pri:0, instance:BuildFrameWork.AutoBots.ItemspageValidationTest@1e097d59]" started-at="2024-05-23T15:54:34 IST" name="additemsvalidationtest" finished-at="2024-05-23T15:54:38 IST" duration-ms="3908" status="PASS">
          <reporter-output>
          </reporter-output>
        </test-method> <!-- additemsvalidationtest -->
        <test-method is-config="true" signature="teardown()[pri:0, instance:BuildFrameWork.AutoBots.ItemspageValidationTest@1e097d59]" started-at="2024-05-23T15:54:38 IST" name="teardown" finished-at="2024-05-23T15:54:38 IST" duration-ms="142" status="PASS">
          <reporter-output>
          </reporter-output>
        </test-method> <!-- teardown -->
        <test-method is-config="true" signature="getLogin()[pri:0, instance:BuildFrameWork.AutoBots.ItemspageValidationTest@1e097d59]" started-at="2024-05-23T15:54:38 IST" name="getLogin" finished-at="2024-05-23T15:54:41 IST" duration-ms="3089" status="PASS">
          <reporter-output>
          </reporter-output>
        </test-method> <!-- getLogin -->
        <test-method signature="greenkartpagevalidationtest()[pri:0, instance:BuildFrameWork.AutoBots.ItemspageValidationTest@1e097d59]" started-at="2024-05-23T15:54:41 IST" name="greenkartpagevalidationtest" finished-at="2024-05-23T15:54:42 IST" duration-ms="829" status="PASS">
          <reporter-output>
          </reporter-output>
        </test-method> <!-- greenkartpagevalidationtest -->
        <test-method is-config="true" signature="teardown()[pri:0, instance:BuildFrameWork.AutoBots.ItemspageValidationTest@1e097d59]" started-at="2024-05-23T15:54:42 IST" name="teardown" finished-at="2024-05-23T15:54:42 IST" duration-ms="230" status="PASS">
          <reporter-output>
          </reporter-output>
        </test-method> <!-- teardown -->
        <test-method is-config="true" signature="getLogin()[pri:0, instance:BuildFrameWork.AutoBots.ItemspageValidationTest@1e097d59]" started-at="2024-05-23T15:54:42 IST" name="getLogin" finished-at="2024-05-23T15:54:45 IST" duration-ms="3046" status="PASS">
          <reporter-output>
          </reporter-output>
        </test-method> <!-- getLogin -->
        <test-method signature="proceedbuttonvalidationtest()[pri:0, instance:BuildFrameWork.AutoBots.ItemspageValidationTest@1e097d59]" started-at="2024-05-23T15:54:45 IST" name="proceedbuttonvalidationtest" finished-at="2024-05-23T15:54:52 IST" duration-ms="7627" status="PASS">
          <reporter-output>
          </reporter-output>
        </test-method> <!-- proceedbuttonvalidationtest -->
        <test-method is-config="true" signature="teardown()[pri:0, instance:BuildFrameWork.AutoBots.ItemspageValidationTest@1e097d59]" started-at="2024-05-23T15:54:52 IST" name="teardown" finished-at="2024-05-23T15:54:53 IST" duration-ms="146" status="PASS">
          <reporter-output>
          </reporter-output>
        </test-method> <!-- teardown -->
      </class> <!-- BuildFrameWork.AutoBots.ItemspageValidationTest -->
      <class name="BuildFrameWork.AutoBots.LoginValidationsTest">
        <test-method is-config="true" signature="getLogin()[pri:0, instance:BuildFrameWork.AutoBots.LoginValidationsTest@600b90df]" started-at="2024-05-23T15:53:56 IST" name="getLogin" finished-at="2024-05-23T15:53:59 IST" duration-ms="2936" status="PASS">
          <reporter-output>
          </reporter-output>
        </test-method> <!-- getLogin -->
        <test-method signature="gotoUrlvalidationTest()[pri:0, instance:BuildFrameWork.AutoBots.LoginValidationsTest@600b90df]" started-at="2024-05-23T15:53:59 IST" name="gotoUrlvalidationTest" finished-at="2024-05-23T15:54:00 IST" duration-ms="1146" status="PASS">
          <reporter-output>
          </reporter-output>
        </test-method> <!-- gotoUrlvalidationTest -->
        <test-method is-config="true" signature="teardown()[pri:0, instance:BuildFrameWork.AutoBots.LoginValidationsTest@600b90df]" started-at="2024-05-23T15:54:00 IST" name="teardown" finished-at="2024-05-23T15:54:00 IST" duration-ms="154" status="PASS">
          <reporter-output>
          </reporter-output>
        </test-method> <!-- teardown -->
        <test-method is-config="true" signature="getLogin()[pri:0, instance:BuildFrameWork.AutoBots.LoginValidationsTest@600b90df]" started-at="2024-05-23T15:54:00 IST" name="getLogin" finished-at="2024-05-23T15:54:04 IST" duration-ms="3437" status="PASS">
          <reporter-output>
          </reporter-output>
        </test-method> <!-- getLogin -->
        <test-method signature="login()[pri:0, instance:BuildFrameWork.AutoBots.LoginValidationsTest@600b90df]" started-at="2024-05-23T15:54:04 IST" name="login" finished-at="2024-05-23T15:54:04 IST" duration-ms="442" status="PASS">
          <reporter-output>
          </reporter-output>
        </test-method> <!-- login -->
        <test-method is-config="true" signature="teardown()[pri:0, instance:BuildFrameWork.AutoBots.LoginValidationsTest@600b90df]" started-at="2024-05-23T15:54:04 IST" name="teardown" finished-at="2024-05-23T15:54:04 IST" duration-ms="180" status="PASS">
          <reporter-output>
          </reporter-output>
        </test-method> <!-- teardown -->
      </class> <!-- BuildFrameWork.AutoBots.LoginValidationsTest -->
      <class name="BuildFrameWork.AutoBots.CheckoutpageValidationTest">
        <test-method is-config="true" signature="getLogin()[pri:0, instance:BuildFrameWork.AutoBots.CheckoutpageValidationTest@673be18f]" started-at="2024-05-23T15:54:53 IST" name="getLogin" finished-at="2024-05-23T15:54:57 IST" duration-ms="4751" status="PASS">
          <reporter-output>
          </reporter-output>
        </test-method> <!-- getLogin -->
        <test-method signature="urlvalidationstest()[pri:0, instance:BuildFrameWork.AutoBots.CheckoutpageValidationTest@673be18f]" started-at="2024-05-23T15:54:57 IST" name="urlvalidationstest" finished-at="2024-05-23T15:54:58 IST" duration-ms="471" status="PASS">
          <reporter-output>
          </reporter-output>
        </test-method> <!-- urlvalidationstest -->
        <test-method is-config="true" signature="teardown()[pri:0, instance:BuildFrameWork.AutoBots.CheckoutpageValidationTest@673be18f]" started-at="2024-05-23T15:54:58 IST" name="teardown" finished-at="2024-05-23T15:54:58 IST" duration-ms="157" status="PASS">
          <reporter-output>
          </reporter-output>
        </test-method> <!-- teardown -->
        <test-method is-config="true" signature="getLogin()[pri:0, instance:BuildFrameWork.AutoBots.CheckoutpageValidationTest@673be18f]" started-at="2024-05-23T15:54:58 IST" name="getLogin" finished-at="2024-05-23T15:55:00 IST" duration-ms="1866" status="PASS">
          <reporter-output>
          </reporter-output>
        </test-method> <!-- getLogin -->
        <test-method signature="promocodetestvalidation()[pri:0, instance:BuildFrameWork.AutoBots.CheckoutpageValidationTest@673be18f]" started-at="2024-05-23T15:55:00 IST" name="promocodetestvalidation" finished-at="2024-05-23T15:55:09 IST" duration-ms="9102" status="PASS">
          <reporter-output>
          </reporter-output>
        </test-method> <!-- promocodetestvalidation -->
        <test-method is-config="true" signature="teardown()[pri:0, instance:BuildFrameWork.AutoBots.CheckoutpageValidationTest@673be18f]" started-at="2024-05-23T15:55:09 IST" name="teardown" finished-at="2024-05-23T15:55:09 IST" duration-ms="140" status="PASS">
          <reporter-output>
          </reporter-output>
        </test-method> <!-- teardown -->
        <test-method is-config="true" signature="getLogin()[pri:0, instance:BuildFrameWork.AutoBots.CheckoutpageValidationTest@673be18f]" started-at="2024-05-23T15:55:09 IST" name="getLogin" finished-at="2024-05-23T15:55:14 IST" duration-ms="4505" status="PASS">
          <reporter-output>
          </reporter-output>
        </test-method> <!-- getLogin -->
        <test-method signature="applytestvalidation()[pri:0, instance:BuildFrameWork.AutoBots.CheckoutpageValidationTest@673be18f]" started-at="2024-05-23T15:55:14 IST" name="applytestvalidation" finished-at="2024-05-23T15:55:21 IST" duration-ms="7568" status="PASS">
          <reporter-output>
          </reporter-output>
        </test-method> <!-- applytestvalidation -->
        <test-method is-config="true" signature="teardown()[pri:0, instance:BuildFrameWork.AutoBots.CheckoutpageValidationTest@673be18f]" started-at="2024-05-23T15:55:21 IST" name="teardown" finished-at="2024-05-23T15:55:21 IST" duration-ms="206" status="PASS">
          <reporter-output>
          </reporter-output>
        </test-method> <!-- teardown -->
        <test-method is-config="true" signature="getLogin()[pri:0, instance:BuildFrameWork.AutoBots.CheckoutpageValidationTest@673be18f]" started-at="2024-05-23T15:55:21 IST" name="getLogin" finished-at="2024-05-23T15:55:25 IST" duration-ms="3902" status="PASS">
          <reporter-output>
          </reporter-output>
        </test-method> <!-- getLogin -->
        <test-method signature="placeordertestvalidation()[pri:0, instance:BuildFrameWork.AutoBots.CheckoutpageValidationTest@673be18f]" started-at="2024-05-23T15:55:25 IST" name="placeordertestvalidation" finished-at="2024-05-23T15:55:37 IST" duration-ms="11685" status="PASS">
          <reporter-output>
          </reporter-output>
        </test-method> <!-- placeordertestvalidation -->
        <test-method is-config="true" signature="teardown()[pri:0, instance:BuildFrameWork.AutoBots.CheckoutpageValidationTest@673be18f]" started-at="2024-05-23T15:55:37 IST" name="teardown" finished-at="2024-05-23T15:55:37 IST" duration-ms="248" status="PASS">
          <reporter-output>
          </reporter-output>
        </test-method> <!-- teardown -->
        <test-method is-config="true" signature="getLogin()[pri:0, instance:BuildFrameWork.AutoBots.CheckoutpageValidationTest@673be18f]" started-at="2024-05-23T15:55:37 IST" name="getLogin" finished-at="2024-05-23T15:55:40 IST" duration-ms="2731" status="PASS">
          <reporter-output>
          </reporter-output>
        </test-method> <!-- getLogin -->
        <test-method signature="closebuttontestvalidation()[pri:0, instance:BuildFrameWork.AutoBots.CheckoutpageValidationTest@673be18f]" started-at="2024-05-23T15:55:40 IST" name="closebuttontestvalidation" finished-at="2024-05-23T15:55:54 IST" duration-ms="13666" status="PASS">
          <reporter-output>
          </reporter-output>
        </test-method> <!-- closebuttontestvalidation -->
        <test-method is-config="true" signature="teardown()[pri:0, instance:BuildFrameWork.AutoBots.CheckoutpageValidationTest@673be18f]" started-at="2024-05-23T15:55:54 IST" name="teardown" finished-at="2024-05-23T15:55:54 IST" duration-ms="149" status="PASS">
          <reporter-output>
          </reporter-output>
        </test-method> <!-- teardown -->
      </class> <!-- BuildFrameWork.AutoBots.CheckoutpageValidationTest -->
      <class name="BuildFrameWork.AutoBots.myorderstestvalidation">
        <test-method is-config="true" signature="getLogin()[pri:0, instance:BuildFrameWork.AutoBots.myorderstestvalidation@6581dc0a]" started-at="2024-05-23T15:55:54 IST" name="getLogin" finished-at="2024-05-23T15:55:58 IST" duration-ms="4062" status="PASS">
          <reporter-output>
          </reporter-output>
        </test-method> <!-- getLogin -->
        <test-method signature="urlvalidationstest()[pri:0, instance:BuildFrameWork.AutoBots.myorderstestvalidation@6581dc0a]" started-at="2024-05-23T15:55:58 IST" name="urlvalidationstest" finished-at="2024-05-23T15:55:58 IST" duration-ms="498" status="PASS">
          <reporter-output>
          </reporter-output>
        </test-method> <!-- urlvalidationstest -->
        <test-method is-config="true" signature="teardown()[pri:0, instance:BuildFrameWork.AutoBots.myorderstestvalidation@6581dc0a]" started-at="2024-05-23T15:55:58 IST" name="teardown" finished-at="2024-05-23T15:55:59 IST" duration-ms="236" status="PASS">
          <reporter-output>
          </reporter-output>
        </test-method> <!-- teardown -->
        <test-method is-config="true" signature="getLogin()[pri:0, instance:BuildFrameWork.AutoBots.myorderstestvalidation@6581dc0a]" started-at="2024-05-23T15:55:59 IST" name="getLogin" finished-at="2024-05-23T15:56:03 IST" duration-ms="4510" status="PASS">
          <reporter-output>
          </reporter-output>
        </test-method> <!-- getLogin -->
        <test-method signature="myordersvalidation()[pri:0, instance:BuildFrameWork.AutoBots.myorderstestvalidation@6581dc0a]" started-at="2024-05-23T15:56:03 IST" name="myordersvalidation" finished-at="2024-05-23T15:56:17 IST" duration-ms="13625" status="PASS">
          <reporter-output>
          </reporter-output>
        </test-method> <!-- myordersvalidation -->
        <test-method is-config="true" signature="teardown()[pri:0, instance:BuildFrameWork.AutoBots.myorderstestvalidation@6581dc0a]" started-at="2024-05-23T15:56:17 IST" name="teardown" finished-at="2024-05-23T15:56:17 IST" duration-ms="124" status="PASS">
          <reporter-output>
          </reporter-output>
        </test-method> <!-- teardown -->
        <test-method is-config="true" signature="getLogin()[pri:0, instance:BuildFrameWork.AutoBots.myorderstestvalidation@6581dc0a]" started-at="2024-05-23T15:56:17 IST" name="getLogin" finished-at="2024-05-23T15:56:20 IST" duration-ms="2786" status="PASS">
          <reporter-output>
          </reporter-output>
        </test-method> <!-- getLogin -->
        <test-method signature="gotogreenkartvalidationTest()[pri:0, instance:BuildFrameWork.AutoBots.myorderstestvalidation@6581dc0a]" started-at="2024-05-23T15:56:20 IST" name="gotogreenkartvalidationTest" finished-at="2024-05-23T15:56:33 IST" duration-ms="13732" status="PASS">
          <reporter-output>
          </reporter-output>
        </test-method> <!-- gotogreenkartvalidationTest -->
        <test-method is-config="true" signature="teardown()[pri:0, instance:BuildFrameWork.AutoBots.myorderstestvalidation@6581dc0a]" started-at="2024-05-23T15:56:33 IST" name="teardown" finished-at="2024-05-23T15:56:34 IST" duration-ms="169" status="PASS">
          <reporter-output>
          </reporter-output>
        </test-method> <!-- teardown -->
      </class> <!-- BuildFrameWork.AutoBots.myorderstestvalidation -->
    </test> <!-- Test -->
  </suite> <!-- Suite -->
</testng-results>
